# JRE version: OpenJDK Runtime Environment Temurin-21.0.8+9 (21.0.8+9) (build 21.0.8+9-LTS)
# Java VM: OpenJDK 64-Bit Server VM Temurin-21.0.8+9 (21.0.8+9-LTS, mixed mode, sharing, tiered, compressed oops, compressed class ptrs, parallel gc, windows-amd64)
GC Precious Log:
 CardTable entry size: 512
 CPUs: 16 total, 16 available
 Memory: 15693M
 Large Page Support: Disabled
 NUMA Support: Disabled
 Compressed Oops: Enabled (32-bit)
 Alignments: Space 512K, Generation 512K, Heap 2M
 Heap Min Capacity: 100M
 Heap Initial Capacity: 100M
 Heap Max Capacity: 2G
 Pre-touch: Disabled
 Parallel Workers: 13
Heap:
 PSYoungGen      total 3584K, used 1179K [0x00000000d5580000, 0x00000000d5b80000, 0x0000000100000000)
  eden space 3072K, 26% used [0x00000000d5580000,0x00000000d564eef0,0x00000000d5880000)
  from space 512K, 68% used [0x00000000d5b00000,0x00000000d5b58000,0x00000000d5b80000)
  to   space 512K, 0% used [0x00000000d5a80000,0x00000000d5a80000,0x00000000d5b00000)
 ParOldGen       total 445952K, used 245693K [0x0000000080000000, 0x000000009b380000, 0x00000000d5580000)
  object space 445952K, 55% used [0x0000000080000000,0x000000008efef508,0x000000009b380000)
 Metaspace       used 69788K, committed 71296K, reserved 1114112K
  class space    used 7798K, committed 8512K, reserved 1048576K
GC Heap History (20 events):
Event: 7334.813 GC heap before
{Heap before GC invocations=538 (full 3):
 PSYoungGen      total 4096K, used 3736K [0x00000000d5580000, 0x00000000d5c80000, 0x0000000100000000)
  eden space 3072K, 100% used [0x00000000d5580000,0x00000000d5880000,0x00000000d5880000)
  from space 1024K, 64% used [0x00000000d5b80000,0x00000000d5c26000,0x00000000d5c80000)
  to   space 1536K, 0% used [0x00000000d5980000,0x00000000d5980000,0x00000000d5b00000)
 ParOldGen       total 445952K, used 244661K [0x0000000080000000, 0x000000009b380000, 0x00000000d5580000)
  object space 445952K, 54% used [0x0000000080000000,0x000000008eeed508,0x000000009b380000)
 Metaspace       used 69638K, committed 71040K, reserved 1114112K
  class space    used 7794K, committed 8448K, reserved 1048576K
}
Event: 7334.819 GC heap after
{Heap after GC invocations=538 (full 3):
 PSYoungGen      total 4608K, used 384K [0x00000000d5580000, 0x00000000d5c00000, 0x0000000100000000)
  eden space 3072K, 0% used [0x00000000d5580000,0x00000000d5580000,0x00000000d5880000)
  from space 1536K, 25% used [0x00000000d5980000,0x00000000d59e0000,0x00000000d5b00000)
  to   space 1024K, 0% used [0x00000000d5b00000,0x00000000d5b00000,0x00000000d5c00000)
 ParOldGen       total 445952K, used 245053K [0x0000000080000000, 0x000000009b380000, 0x00000000d5580000)
  object space 445952K, 54% used [0x0000000080000000,0x000000008ef4f508,0x000000009b380000)
 Metaspace       used 69638K, committed 71040K, reserved 1114112K
  class space    used 7794K, committed 8448K, reserved 1048576K
}
Event: 7338.519 GC heap before
{Heap before GC invocations=539 (full 3):
 PSYoungGen      total 4608K, used 3456K [0x00000000d5580000, 0x00000000d5c00000, 0x0000000100000000)
  eden space 3072K, 100% used [0x00000000d5580000,0x00000000d5880000,0x00000000d5880000)
  from space 1536K, 25% used [0x00000000d5980000,0x00000000d59e0000,0x00000000d5b00000)
  to   space 1024K, 0% used [0x00000000d5b00000,0x00000000d5b00000,0x00000000d5c00000)
 ParOldGen       total 445952K, used 245053K [0x0000000080000000, 0x000000009b380000, 0x00000000d5580000)
  object space 445952K, 54% used [0x0000000080000000,0x000000008ef4f508,0x000000009b380000)
 Metaspace       used 69653K, committed 71168K, reserved 1114112K
  class space    used 7794K, committed 8448K, reserved 1048576K
}
Event: 7338.524 GC heap after
{Heap after GC invocations=539 (full 3):
 PSYoungGen      total 3584K, used 320K [0x00000000d5580000, 0x00000000d5b80000, 0x0000000100000000)
  eden space 3072K, 0% used [0x00000000d5580000,0x00000000d5580000,0x00000000d5880000)
  from space 512K, 62% used [0x00000000d5b00000,0x00000000d5b50000,0x00000000d5b80000)
  to   space 512K, 0% used [0x00000000d5a80000,0x00000000d5a80000,0x00000000d5b00000)
 ParOldGen       total 445952K, used 245149K [0x0000000080000000, 0x000000009b380000, 0x00000000d5580000)
  object space 445952K, 54% used [0x0000000080000000,0x000000008ef67508,0x000000009b380000)
 Metaspace       used 69653K, committed 71168K, reserved 1114112K
  class space    used 7794K, committed 8448K, reserved 1048576K
}
Event: 7360.663 GC heap before
{Heap before GC invocations=540 (full 3):
 PSYoungGen      total 3584K, used 3392K [0x00000000d5580000, 0x00000000d5b80000, 0x0000000100000000)
  eden space 3072K, 100% used [0x00000000d5580000,0x00000000d5880000,0x00000000d5880000)
  from space 512K, 62% used [0x00000000d5b00000,0x00000000d5b50000,0x00000000d5b80000)
  to   space 512K, 0% used [0x00000000d5a80000,0x00000000d5a80000,0x00000000d5b00000)
 ParOldGen       total 445952K, used 245149K [0x0000000080000000, 0x000000009b380000, 0x00000000d5580000)
  object space 445952K, 54% used [0x0000000080000000,0x000000008ef67508,0x000000009b380000)
 Metaspace       used 69673K, committed 71232K, reserved 1114112K
  class space    used 7797K, committed 8512K, reserved 1048576K
}
Event: 7360.675 GC heap after
{Heap after GC invocations=540 (full 3):
 PSYoungGen      total 3584K, used 352K [0x00000000d5580000, 0x00000000d5b80000, 0x0000000100000000)
  eden space 3072K, 0% used [0x00000000d5580000,0x00000000d5580000,0x00000000d5880000)
  from space 512K, 68% used [0x00000000d5a80000,0x00000000d5ad8000,0x00000000d5b00000)
  to   space 512K, 0% used [0x00000000d5b00000,0x00000000d5b00000,0x00000000d5b80000)
 ParOldGen       total 445952K, used 245229K [0x0000000080000000, 0x000000009b380000, 0x00000000d5580000)
  object space 445952K, 54% used [0x0000000080000000,0x000000008ef7b508,0x000000009b380000)
 Metaspace       used 69673K, committed 71232K, reserved 1114112K
  class space    used 7797K, committed 8512K, reserved 1048576K
}
Event: 7360.736 GC heap before
{Heap before GC invocations=541 (full 3):
 PSYoungGen      total 3584K, used 3424K [0x00000000d5580000, 0x00000000d5b80000, 0x0000000100000000)
  eden space 3072K, 100% used [0x00000000d5580000,0x00000000d5880000,0x00000000d5880000)
  from space 512K, 68% used [0x00000000d5a80000,0x00000000d5ad8000,0x00000000d5b00000)
  to   space 512K, 0% used [0x00000000d5b00000,0x00000000d5b00000,0x00000000d5b80000)
 ParOldGen       total 445952K, used 245229K [0x0000000080000000, 0x000000009b380000, 0x00000000d5580000)
  object space 445952K, 54% used [0x0000000080000000,0x000000008ef7b508,0x000000009b380000)
 Metaspace       used 69680K, committed 71232K, reserved 1114112K
  class space    used 7797K, committed 8512K, reserved 1048576K
}
Event: 7360.738 GC heap after
{Heap after GC invocations=541 (full 3):
 PSYoungGen      total 3584K, used 320K [0x00000000d5580000, 0x00000000d5b80000, 0x0000000100000000)
  eden space 3072K, 0% used [0x00000000d5580000,0x00000000d5580000,0x00000000d5880000)
  from space 512K, 62% used [0x00000000d5b00000,0x00000000d5b50000,0x00000000d5b80000)
  to   space 512K, 0% used [0x00000000d5a80000,0x00000000d5a80000,0x00000000d5b00000)
 ParOldGen       total 445952K, used 245333K [0x0000000080000000, 0x000000009b380000, 0x00000000d5580000)
  object space 445952K, 55% used [0x0000000080000000,0x000000008ef95508,0x000000009b380000)
 Metaspace       used 69680K, committed 71232K, reserved 1114112K
  class space    used 7797K, committed 8512K, reserved 1048576K
}
Event: 7366.180 GC heap before
{Heap before GC invocations=542 (full 3):
 PSYoungGen      total 3584K, used 3392K [0x00000000d5580000, 0x00000000d5b80000, 0x0000000100000000)
  eden space 3072K, 100% used [0x00000000d5580000,0x00000000d5880000,0x00000000d5880000)
  from space 512K, 62% used [0x00000000d5b00000,0x00000000d5b50000,0x00000000d5b80000)
  to   space 512K, 0% used [0x00000000d5a80000,0x00000000d5a80000,0x00000000d5b00000)
 ParOldGen       total 445952K, used 245333K [0x0000000080000000, 0x000000009b380000, 0x00000000d5580000)
  object space 445952K, 55% used [0x0000000080000000,0x000000008ef95508,0x000000009b380000)
 Metaspace       used 69685K, committed 71232K, reserved 1114112K
  class space    used 7798K, committed 8512K, reserved 1048576K
}
Event: 7366.181 GC heap after
{Heap after GC invocations=542 (full 3):
 PSYoungGen      total 3584K, used 320K [0x00000000d5580000, 0x00000000d5b80000, 0x0000000100000000)
  eden space 3072K, 0% used [0x00000000d5580000,0x00000000d5580000,0x00000000d5880000)
  from space 512K, 62% used [0x00000000d5a80000,0x00000000d5ad0000,0x00000000d5b00000)
  to   space 512K, 0% used [0x00000000d5b00000,0x00000000d5b00000,0x00000000d5b80000)
 ParOldGen       total 445952K, used 245381K [0x0000000080000000, 0x000000009b380000, 0x00000000d5580000)
  object space 445952K, 55% used [0x0000000080000000,0x000000008efa1508,0x000000009b380000)
 Metaspace       used 69685K, committed 71232K, reserved 1114112K
  class space    used 7798K, committed 8512K, reserved 1048576K
}
Event: 7385.185 GC heap before
{Heap before GC invocations=543 (full 3):
 PSYoungGen      total 3584K, used 3392K [0x00000000d5580000, 0x00000000d5b80000, 0x0000000100000000)
  eden space 3072K, 100% used [0x00000000d5580000,0x00000000d5880000,0x00000000d5880000)
  from space 512K, 62% used [0x00000000d5a80000,0x00000000d5ad0000,0x00000000d5b00000)
  to   space 512K, 0% used [0x00000000d5b00000,0x00000000d5b00000,0x00000000d5b80000)
 ParOldGen       total 445952K, used 245381K [0x0000000080000000, 0x000000009b380000, 0x00000000d5580000)
  object space 445952K, 55% used [0x0000000080000000,0x000000008efa1508,0x000000009b380000)
 Metaspace       used 69701K, committed 71232K, reserved 1114112K
  class space    used 7798K, committed 8512K, reserved 1048576K
}
Event: 7385.187 GC heap after
{Heap after GC invocations=543 (full 3):
 PSYoungGen      total 3584K, used 320K [0x00000000d5580000, 0x00000000d5b80000, 0x0000000100000000)
  eden space 3072K, 0% used [0x00000000d5580000,0x00000000d5580000,0x00000000d5880000)
  from space 512K, 62% used [0x00000000d5b00000,0x00000000d5b50000,0x00000000d5b80000)
  to   space 512K, 0% used [0x00000000d5a80000,0x00000000d5a80000,0x00000000d5b00000)
 ParOldGen       total 445952K, used 245453K [0x0000000080000000, 0x000000009b380000, 0x00000000d5580000)
  object space 445952K, 55% used [0x0000000080000000,0x000000008efb3508,0x000000009b380000)
 Metaspace       used 69701K, committed 71232K, reserved 1114112K
  class space    used 7798K, committed 8512K, reserved 1048576K
}
Event: 7385.334 GC heap before
{Heap before GC invocations=544 (full 3):
 PSYoungGen      total 3584K, used 3391K [0x00000000d5580000, 0x00000000d5b80000, 0x0000000100000000)
  eden space 3072K, 99% used [0x00000000d5580000,0x00000000d587fff0,0x00000000d5880000)
  from space 512K, 62% used [0x00000000d5b00000,0x00000000d5b50000,0x00000000d5b80000)
  to   space 512K, 0% used [0x00000000d5a80000,0x00000000d5a80000,0x00000000d5b00000)
 ParOldGen       total 445952K, used 245453K [0x0000000080000000, 0x000000009b380000, 0x00000000d5580000)
  object space 445952K, 55% used [0x0000000080000000,0x000000008efb3508,0x000000009b380000)
 Metaspace       used 69706K, committed 71232K, reserved 1114112K
  class space    used 7798K, committed 8512K, reserved 1048576K
}
Event: 7385.336 GC heap after
{Heap after GC invocations=544 (full 3):
 PSYoungGen      total 3584K, used 288K [0x00000000d5580000, 0x00000000d5b80000, 0x0000000100000000)
  eden space 3072K, 0% used [0x00000000d5580000,0x00000000d5580000,0x00000000d5880000)
  from space 512K, 56% used [0x00000000d5a80000,0x00000000d5ac8000,0x00000000d5b00000)
  to   space 512K, 0% used [0x00000000d5b00000,0x00000000d5b00000,0x00000000d5b80000)
 ParOldGen       total 445952K, used 245525K [0x0000000080000000, 0x000000009b380000, 0x00000000d5580000)
  object space 445952K, 55% used [0x0000000080000000,0x000000008efc5508,0x000000009b380000)
 Metaspace       used 69706K, committed 71232K, reserved 1114112K
  class space    used 7798K, committed 8512K, reserved 1048576K
}
Event: 7389.265 GC heap before
{Heap before GC invocations=545 (full 3):
 PSYoungGen      total 3584K, used 3360K [0x00000000d5580000, 0x00000000d5b80000, 0x0000000100000000)
  eden space 3072K, 100% used [0x00000000d5580000,0x00000000d5880000,0x00000000d5880000)
  from space 512K, 56% used [0x00000000d5a80000,0x00000000d5ac8000,0x00000000d5b00000)
  to   space 512K, 0% used [0x00000000d5b00000,0x00000000d5b00000,0x00000000d5b80000)
 ParOldGen       total 445952K, used 245525K [0x0000000080000000, 0x000000009b380000, 0x00000000d5580000)
  object space 445952K, 55% used [0x0000000080000000,0x000000008efc5508,0x000000009b380000)
 Metaspace       used 69707K, committed 71232K, reserved 1114112K
  class space    used 7798K, committed 8512K, reserved 1048576K
}
Event: 7389.275 GC heap after
{Heap after GC invocations=545 (full 3):
 PSYoungGen      total 3584K, used 352K [0x00000000d5580000, 0x00000000d5b80000, 0x0000000100000000)
  eden space 3072K, 0% used [0x00000000d5580000,0x00000000d5580000,0x00000000d5880000)
  from space 512K, 68% used [0x00000000d5b00000,0x00000000d5b58000,0x00000000d5b80000)
  to   space 512K, 0% used [0x00000000d5a80000,0x00000000d5a80000,0x00000000d5b00000)
 ParOldGen       total 445952K, used 245549K [0x0000000080000000, 0x000000009b380000, 0x00000000d5580000)
  object space 445952K, 55% used [0x0000000080000000,0x000000008efcb508,0x000000009b380000)
 Metaspace       used 69707K, committed 71232K, reserved 1114112K
  class space    used 7798K, committed 8512K, reserved 1048576K
}
Event: 7405.432 GC heap before
{Heap before GC invocations=546 (full 3):
 PSYoungGen      total 3584K, used 3424K [0x00000000d5580000, 0x00000000d5b80000, 0x0000000100000000)
  eden space 3072K, 100% used [0x00000000d5580000,0x00000000d5880000,0x00000000d5880000)
  from space 512K, 68% used [0x00000000d5b00000,0x00000000d5b58000,0x00000000d5b80000)
  to   space 512K, 0% used [0x00000000d5a80000,0x00000000d5a80000,0x00000000d5b00000)
 ParOldGen       total 445952K, used 245549K [0x0000000080000000, 0x000000009b380000, 0x00000000d5580000)
  object space 445952K, 55% used [0x0000000080000000,0x000000008efcb508,0x000000009b380000)
 Metaspace       used 69723K, committed 71232K, reserved 1114112K
  class space    used 7798K, committed 8512K, reserved 1048576K
}
Event: 7405.433 GC heap after
{Heap after GC invocations=546 (full 3):
 PSYoungGen      total 3584K, used 384K [0x00000000d5580000, 0x00000000d5b80000, 0x0000000100000000)
  eden space 3072K, 0% used [0x00000000d5580000,0x00000000d5580000,0x00000000d5880000)
  from space 512K, 75% used [0x00000000d5a80000,0x00000000d5ae0000,0x00000000d5b00000)
  to   space 512K, 0% used [0x00000000d5b00000,0x00000000d5b00000,0x00000000d5b80000)
 ParOldGen       total 445952K, used 245653K [0x0000000080000000, 0x000000009b380000, 0x00000000d5580000)
  object space 445952K, 55% used [0x0000000080000000,0x000000008efe5508,0x000000009b380000)
 Metaspace       used 69723K, committed 71232K, reserved 1114112K
  class space    used 7798K, committed 8512K, reserved 1048576K
}
Event: 8419.814 GC heap before
{Heap before GC invocations=547 (full 3):
 PSYoungGen      total 3584K, used 3456K [0x00000000d5580000, 0x00000000d5b80000, 0x0000000100000000)
  eden space 3072K, 100% used [0x00000000d5580000,0x00000000d5880000,0x00000000d5880000)
  from space 512K, 75% used [0x00000000d5a80000,0x00000000d5ae0000,0x00000000d5b00000)
  to   space 512K, 0% used [0x00000000d5b00000,0x00000000d5b00000,0x00000000d5b80000)
 ParOldGen       total 445952K, used 245653K [0x0000000080000000, 0x000000009b380000, 0x00000000d5580000)
  object space 445952K, 55% used [0x0000000080000000,0x000000008efe5508,0x000000009b380000)
 Metaspace       used 69787K, committed 71296K, reserved 1114112K
  class space    used 7798K, committed 8512K, reserved 1048576K
}
Event: 8419.911 GC heap after
{Heap after GC invocations=547 (full 3):
 PSYoungGen      total 3584K, used 352K [0x00000000d5580000, 0x00000000d5b80000, 0x0000000100000000)
  eden space 3072K, 0% used [0x00000000d5580000,0x00000000d5580000,0x00000000d5880000)
  from space 512K, 68% used [0x00000000d5b00000,0x00000000d5b58000,0x00000000d5b80000)
  to   space 512K, 0% used [0x00000000d5a80000,0x00000000d5a80000,0x00000000d5b00000)
 ParOldGen       total 445952K, used 245693K [0x0000000080000000, 0x000000009b380000, 0x00000000d5580000)
  object space 445952K, 55% used [0x0000000080000000,0x000000008efef508,0x000000009b380000)
 Metaspace       used 69787K, committed 71296K, reserved 1114112K
  class space    used 7798K, committed 8512K, reserved 1048576K
}

